# JRE version: Java(TM) SE Runtime Environment (8.0_131-b11) (build 1.8.0_131-b11)
# Java VM: Java HotSpot(TM) 64-Bit Server VM (25.131-b11 mixed mode windows-amd64 compressed oops)
Heap:
 PSYoungGen      total 242688K, used 104254K [0x00000000d5c00000, 0x00000000e5c00000, 0x0000000100000000)
  eden space 227840K, 39% used [0x00000000d5c00000,0x00000000db3f8fd8,0x00000000e3a80000)
  from space 14848K, 95% used [0x00000000e4a80000,0x00000000e5856b90,0x00000000e5900000)
  to   space 16384K, 0% used [0x00000000e3a80000,0x00000000e3a80000,0x00000000e4a80000)
 ParOldGen       total 51712K, used 17624K [0x0000000081400000, 0x0000000084680000, 0x00000000d5c00000)
  object space 51712K, 34% used [0x0000000081400000,0x0000000082536280,0x0000000084680000)
 Metaspace       used 54689K, capacity 57186K, committed 57392K, reserved 1099776K
  class space    used 7508K, capacity 7931K, committed 7984K, reserved 1048576K
GC Heap History (10 events):
Event: 4.102 GC heap before
{Heap before GC invocations=8 (full 1):
 PSYoungGen      total 115200K, used 115043K [0x00000000d5c00000, 0x00000000dea00000, 0x0000000100000000)
  eden space 111104K, 100% used [0x00000000d5c00000,0x00000000dc880000,0x00000000dc880000)
  from space 4096K, 96% used [0x00000000de600000,0x00000000de9d8c48,0x00000000dea00000)
  to   space 8704K, 0% used [0x00000000dd900000,0x00000000dd900000,0x00000000de180000)
 ParOldGen       total 51712K, used 5804K [0x0000000081400000, 0x0000000084680000, 0x00000000d5c00000)
  object space 51712K, 11% used [0x0000000081400000,0x00000000819ab090,0x0000000084680000)
 Metaspace       used 30601K, capacity 31748K, committed 31920K, reserved 1077248K
  class space    used 3953K, capacity 4196K, committed 4272K, reserved 1048576K
Event: 4.111 GC heap after
Heap after GC invocations=8 (full 1):
 PSYoungGen      total 136704K, used 8696K [0x00000000d5c00000, 0x00000000e2180000, 0x0000000100000000)
  eden space 128000K, 0% used [0x00000000d5c00000,0x00000000d5c00000,0x00000000dd900000)
  from space 8704K, 99% used [0x00000000dd900000,0x00000000de17e3a8,0x00000000de180000)
  to   space 10752K, 0% used [0x00000000e1700000,0x00000000e1700000,0x00000000e2180000)
 ParOldGen       total 51712K, used 8186K [0x0000000081400000, 0x0000000084680000, 0x00000000d5c00000)
  object space 51712K, 15% used [0x0000000081400000,0x0000000081bfeba0,0x0000000084680000)
 Metaspace       used 30601K, capacity 31748K, committed 31920K, reserved 1077248K
  class space    used 3953K, capacity 4196K, committed 4272K, reserved 1048576K
}
Event: 4.632 GC heap before
{Heap before GC invocations=9 (full 1):
 PSYoungGen      total 136704K, used 73727K [0x00000000d5c00000, 0x00000000e2180000, 0x0000000100000000)
  eden space 128000K, 50% used [0x00000000d5c00000,0x00000000d9b81c18,0x00000000dd900000)
  from space 8704K, 99% used [0x00000000dd900000,0x00000000de17e3a8,0x00000000de180000)
  to   space 10752K, 0% used [0x00000000e1700000,0x00000000e1700000,0x00000000e2180000)
 ParOldGen       total 51712K, used 8186K [0x0000000081400000, 0x0000000084680000, 0x00000000d5c00000)
  object space 51712K, 15% used [0x0000000081400000,0x0000000081bfeba0,0x0000000084680000)
 Metaspace       used 34079K, capacity 35330K, committed 35496K, reserved 1081344K
  class space    used 4307K, capacity 4569K, committed 4656K, reserved 1048576K
Event: 4.648 GC heap after
Heap after GC invocations=9 (full 1):
 PSYoungGen      total 189952K, used 10440K [0x00000000d5c00000, 0x00000000e4200000, 0x0000000100000000)
  eden space 179200K, 0% used [0x00000000d5c00000,0x00000000d5c00000,0x00000000e0b00000)
  from space 10752K, 97% used [0x00000000e1700000,0x00000000e2132060,0x00000000e2180000)
  to   space 12288K, 0% used [0x00000000e0b00000,0x00000000e0b00000,0x00000000e1700000)
 ParOldGen       total 51712K, used 8194K [0x0000000081400000, 0x0000000084680000, 0x00000000d5c00000)
  object space 51712K, 15% used [0x0000000081400000,0x0000000081c00ba0,0x0000000084680000)
 Metaspace       used 34079K, capacity 35330K, committed 35496K, reserved 1081344K
  class space    used 4307K, capacity 4569K, committed 4656K, reserved 1048576K
}
Event: 4.648 GC heap before
{Heap before GC invocations=10 (full 2):
 PSYoungGen      total 189952K, used 10440K [0x00000000d5c00000, 0x00000000e4200000, 0x0000000100000000)
  eden space 179200K, 0% used [0x00000000d5c00000,0x00000000d5c00000,0x00000000e0b00000)
  from space 10752K, 97% used [0x00000000e1700000,0x00000000e2132060,0x00000000e2180000)
  to   space 12288K, 0% used [0x00000000e0b00000,0x00000000e0b00000,0x00000000e1700000)
 ParOldGen       total 51712K, used 8194K [0x0000000081400000, 0x0000000084680000, 0x00000000d5c00000)
  object space 51712K, 15% used [0x0000000081400000,0x0000000081c00ba0,0x0000000084680000)
 Metaspace       used 34079K, capacity 35330K, committed 35496K, reserved 1081344K
  class space    used 4307K, capacity 4569K, committed 4656K, reserved 1048576K
Event: 4.730 GC heap after
Heap after GC invocations=10 (full 2):
 PSYoungGen      total 189952K, used 0K [0x00000000d5c00000, 0x00000000e4200000, 0x0000000100000000)
  eden space 179200K, 0% used [0x00000000d5c00000,0x00000000d5c00000,0x00000000e0b00000)
  from space 10752K, 0% used [0x00000000e1700000,0x00000000e1700000,0x00000000e2180000)
  to   space 12288K, 0% used [0x00000000e0b00000,0x00000000e0b00000,0x00000000e1700000)
 ParOldGen       total 51712K, used 14889K [0x0000000081400000, 0x0000000084680000, 0x00000000d5c00000)
  object space 51712K, 28% used [0x0000000081400000,0x000000008228a4e0,0x0000000084680000)
 Metaspace       used 34079K, capacity 35330K, committed 35496K, reserved 1081344K
  class space    used 4307K, capacity 4569K, committed 4656K, reserved 1048576K
}
Event: 6.434 GC heap before
{Heap before GC invocations=11 (full 2):
 PSYoungGen      total 189952K, used 179200K [0x00000000d5c00000, 0x00000000e4200000, 0x0000000100000000)
  eden space 179200K, 100% used [0x00000000d5c00000,0x00000000e0b00000,0x00000000e0b00000)
  from space 10752K, 0% used [0x00000000e1700000,0x00000000e1700000,0x00000000e2180000)
  to   space 12288K, 0% used [0x00000000e0b00000,0x00000000e0b00000,0x00000000e1700000)
 ParOldGen       total 51712K, used 14889K [0x0000000081400000, 0x0000000084680000, 0x00000000d5c00000)
  object space 51712K, 28% used [0x0000000081400000,0x000000008228a4e0,0x0000000084680000)
 Metaspace       used 47569K, capacity 48936K, committed 49328K, reserved 1091584K
  class space    used 6491K, capacity 6796K, committed 6832K, reserved 1048576K
Event: 6.449 GC heap after
Heap after GC invocations=11 (full 2):
 PSYoungGen      total 191488K, used 12263K [0x00000000d5c00000, 0x00000000e5900000, 0x0000000100000000)
  eden space 179200K, 0% used [0x00000000d5c00000,0x00000000d5c00000,0x00000000e0b00000)
  from space 12288K, 99% used [0x00000000e0b00000,0x00000000e16f9c48,0x00000000e1700000)
  to   space 14848K, 0% used [0x00000000e4a80000,0x00000000e4a80000,0x00000000e5900000)
 ParOldGen       total 51712K, used 17616K [0x0000000081400000, 0x0000000084680000, 0x00000000d5c00000)
  object space 51712K, 34% used [0x0000000081400000,0x0000000082534280,0x0000000084680000)
 Metaspace       used 47569K, capacity 48936K, committed 49328K, reserved 1091584K
  class space    used 6491K, capacity 6796K, committed 6832K, reserved 1048576K
}
Event: 7.703 GC heap before
{Heap before GC invocations=12 (full 2):
 PSYoungGen      total 191488K, used 191463K [0x00000000d5c00000, 0x00000000e5900000, 0x0000000100000000)
  eden space 179200K, 100% used [0x00000000d5c00000,0x00000000e0b00000,0x00000000e0b00000)
  from space 12288K, 99% used [0x00000000e0b00000,0x00000000e16f9c48,0x00000000e1700000)
  to   space 14848K, 0% used [0x00000000e4a80000,0x00000000e4a80000,0x00000000e5900000)
 ParOldGen       total 51712K, used 17616K [0x0000000081400000, 0x0000000084680000, 0x00000000d5c00000)
  object space 51712K, 34% used [0x0000000081400000,0x0000000082534280,0x0000000084680000)
 Metaspace       used 53306K, capacity 55602K, committed 55856K, reserved 1097728K
  class space    used 7309K, capacity 7707K, committed 7728K, reserved 1048576K
Event: 7.728 GC heap after
Heap after GC invocations=12 (full 2):
 PSYoungGen      total 242688K, used 14170K [0x00000000d5c00000, 0x00000000e5c00000, 0x0000000100000000)
  eden space 227840K, 0% used [0x00000000d5c00000,0x00000000d5c00000,0x00000000e3a80000)
  from space 14848K, 95% used [0x00000000e4a80000,0x00000000e5856b90,0x00000000e5900000)
  to   space 16384K, 0% used [0x00000000e3a80000,0x00000000e3a80000,0x00000000e4a80000)
 ParOldGen       total 51712K, used 17624K [0x0000000081400000, 0x0000000084680000, 0x00000000d5c00000)
  object space 51712K, 34% used [0x0000000081400000,0x0000000082536280,0x0000000084680000)
 Metaspace       used 53306K, capacity 55602K, committed 55856K, reserved 1097728K
  class space    used 7309K, capacity 7707K, committed 7728K, reserved 1048576K
}

