# JRE version: Java(TM) SE Runtime Environment (8.0_131-b11) (build 1.8.0_131-b11)
# Java VM: Java HotSpot(TM) 64-Bit Server VM (25.131-b11 mixed mode windows-amd64 compressed oops)
Heap:
 PSYoungGen      total 214528K, used 167814K [0x00000000d5c00000, 0x00000000e7c80000, 0x0000000100000000)
  eden space 202752K, 76% used [0x00000000d5c00000,0x00000000df468d48,0x00000000e2200000)
  from space 11776K, 99% used [0x00000000e2200000,0x00000000e2d78b30,0x00000000e2d80000)
  to   space 15360K, 0% used [0x00000000e6d80000,0x00000000e6d80000,0x00000000e7c80000)
 ParOldGen       total 77824K, used 19719K [0x0000000081400000, 0x0000000086000000, 0x00000000d5c00000)
  object space 77824K, 25% used [0x0000000081400000,0x0000000082741e90,0x0000000086000000)
 Metaspace       used 53315K, capacity 55598K, committed 55936K, reserved 1097728K
  class space    used 7302K, capacity 7707K, committed 7808K, reserved 1048576K
GC Heap History (10 events):
Event: 3.492 GC heap before
{Heap before GC invocations=7 (full 1):
 PSYoungGen      total 71680K, used 66560K [0x00000000d5c00000, 0x00000000dee00000, 0x0000000100000000)
  eden space 66560K, 100% used [0x00000000d5c00000,0x00000000d9d00000,0x00000000d9d00000)
  from space 5120K, 0% used [0x00000000d9d00000,0x00000000d9d00000,0x00000000da200000)
  to   space 8192K, 0% used [0x00000000de600000,0x00000000de600000,0x00000000dee00000)
 ParOldGen       total 49152K, used 6096K [0x0000000081400000, 0x0000000084400000, 0x00000000d5c00000)
  object space 49152K, 12% used [0x0000000081400000,0x00000000819f4108,0x0000000084400000)
 Metaspace       used 24299K, capacity 24896K, committed 25088K, reserved 1071104K
  class space    used 3136K, capacity 3290K, committed 3328K, reserved 1048576K
Event: 3.497 GC heap after
Heap after GC invocations=7 (full 1):
 PSYoungGen      total 122368K, used 4154K [0x00000000d5c00000, 0x00000000dea80000, 0x0000000100000000)
  eden space 117760K, 0% used [0x00000000d5c00000,0x00000000d5c00000,0x00000000dcf00000)
  from space 4608K, 90% used [0x00000000de600000,0x00000000dea0eab0,0x00000000dea80000)
  to   space 8192K, 0% used [0x00000000dda80000,0x00000000dda80000,0x00000000de280000)
 ParOldGen       total 49152K, used 6168K [0x0000000081400000, 0x0000000084400000, 0x00000000d5c00000)
  object space 49152K, 12% used [0x0000000081400000,0x0000000081a06118,0x0000000084400000)
 Metaspace       used 24299K, capacity 24896K, committed 25088K, reserved 1071104K
  class space    used 3136K, capacity 3290K, committed 3328K, reserved 1048576K
}
Event: 4.698 GC heap before
{Heap before GC invocations=8 (full 1):
 PSYoungGen      total 122368K, used 121914K [0x00000000d5c00000, 0x00000000dea80000, 0x0000000100000000)
  eden space 117760K, 100% used [0x00000000d5c00000,0x00000000dcf00000,0x00000000dcf00000)
  from space 4608K, 90% used [0x00000000de600000,0x00000000dea0eab0,0x00000000dea80000)
  to   space 8192K, 0% used [0x00000000dda80000,0x00000000dda80000,0x00000000de280000)
 ParOldGen       total 49152K, used 6168K [0x0000000081400000, 0x0000000084400000, 0x00000000d5c00000)
  object space 49152K, 12% used [0x0000000081400000,0x0000000081a06118,0x0000000084400000)
 Metaspace       used 30834K, capacity 32034K, committed 32256K, reserved 1077248K
  class space    used 3996K, capacity 4267K, committed 4352K, reserved 1048576K
Event: 4.710 GC heap after
Heap after GC invocations=8 (full 1):
 PSYoungGen      total 137728K, used 8162K [0x00000000d5c00000, 0x00000000e3800000, 0x0000000100000000)
  eden space 129536K, 0% used [0x00000000d5c00000,0x00000000d5c00000,0x00000000dda80000)
  from space 8192K, 99% used [0x00000000dda80000,0x00000000de278bc0,0x00000000de280000)
  to   space 10752K, 0% used [0x00000000e2d80000,0x00000000e2d80000,0x00000000e3800000)
 ParOldGen       total 49152K, used 9258K [0x0000000081400000, 0x0000000084400000, 0x00000000d5c00000)
  object space 49152K, 18% used [0x0000000081400000,0x0000000081d0a828,0x0000000084400000)
 Metaspace       used 30834K, capacity 32034K, committed 32256K, reserved 1077248K
  class space    used 3996K, capacity 4267K, committed 4352K, reserved 1048576K
}
Event: 5.238 GC heap before
{Heap before GC invocations=9 (full 1):
 PSYoungGen      total 137728K, used 63784K [0x00000000d5c00000, 0x00000000e3800000, 0x0000000100000000)
  eden space 129536K, 42% used [0x00000000d5c00000,0x00000000d9251458,0x00000000dda80000)
  from space 8192K, 99% used [0x00000000dda80000,0x00000000de278bc0,0x00000000de280000)
  to   space 10752K, 0% used [0x00000000e2d80000,0x00000000e2d80000,0x00000000e3800000)
 ParOldGen       total 49152K, used 9258K [0x0000000081400000, 0x0000000084400000, 0x00000000d5c00000)
  object space 49152K, 18% used [0x0000000081400000,0x0000000081d0a828,0x0000000084400000)
 Metaspace       used 34062K, capacity 35320K, committed 35416K, reserved 1081344K
  class space    used 4309K, capacity 4570K, committed 4608K, reserved 1048576K
Event: 5.250 GC heap after
Heap after GC invocations=9 (full 1):
 PSYoungGen      total 213504K, used 10199K [0x00000000d5c00000, 0x00000000e4e00000, 0x0000000100000000)
  eden space 202752K, 0% used [0x00000000d5c00000,0x00000000d5c00000,0x00000000e2200000)
  from space 10752K, 94% used [0x00000000e2d80000,0x00000000e3775fb0,0x00000000e3800000)
  to   space 11776K, 0% used [0x00000000e2200000,0x00000000e2200000,0x00000000e2d80000)
 ParOldGen       total 49152K, used 9266K [0x0000000081400000, 0x0000000084400000, 0x00000000d5c00000)
  object space 49152K, 18% used [0x0000000081400000,0x0000000081d0c828,0x0000000084400000)
 Metaspace       used 34062K, capacity 35320K, committed 35416K, reserved 1081344K
  class space    used 4309K, capacity 4570K, committed 4608K, reserved 1048576K
}
Event: 5.250 GC heap before
{Heap before GC invocations=10 (full 2):
 PSYoungGen      total 213504K, used 10199K [0x00000000d5c00000, 0x00000000e4e00000, 0x0000000100000000)
  eden space 202752K, 0% used [0x00000000d5c00000,0x00000000d5c00000,0x00000000e2200000)
  from space 10752K, 94% used [0x00000000e2d80000,0x00000000e3775fb0,0x00000000e3800000)
  to   space 11776K, 0% used [0x00000000e2200000,0x00000000e2200000,0x00000000e2d80000)
 ParOldGen       total 49152K, used 9266K [0x0000000081400000, 0x0000000084400000, 0x00000000d5c00000)
  object space 49152K, 18% used [0x0000000081400000,0x0000000081d0c828,0x0000000084400000)
 Metaspace       used 34062K, capacity 35320K, committed 35416K, reserved 1081344K
  class space    used 4309K, capacity 4570K, committed 4608K, reserved 1048576K
Event: 5.317 GC heap after
Heap after GC invocations=10 (full 2):
 PSYoungGen      total 213504K, used 0K [0x00000000d5c00000, 0x00000000e4e00000, 0x0000000100000000)
  eden space 202752K, 0% used [0x00000000d5c00000,0x00000000d5c00000,0x00000000e2200000)
  from space 10752K, 0% used [0x00000000e2d80000,0x00000000e2d80000,0x00000000e3800000)
  to   space 11776K, 0% used [0x00000000e2200000,0x00000000e2200000,0x00000000e2d80000)
 ParOldGen       total 77824K, used 14813K [0x0000000081400000, 0x0000000086000000, 0x00000000d5c00000)
  object space 77824K, 19% used [0x0000000081400000,0x0000000082277400,0x0000000086000000)
 Metaspace       used 34062K, capacity 35320K, committed 35416K, reserved 1081344K
  class space    used 4309K, capacity 4570K, committed 4608K, reserved 1048576K
}
Event: 8.107 GC heap before
{Heap before GC invocations=11 (full 2):
 PSYoungGen      total 213504K, used 202752K [0x00000000d5c00000, 0x00000000e4e00000, 0x0000000100000000)
  eden space 202752K, 100% used [0x00000000d5c00000,0x00000000e2200000,0x00000000e2200000)
  from space 10752K, 0% used [0x00000000e2d80000,0x00000000e2d80000,0x00000000e3800000)
  to   space 11776K, 0% used [0x00000000e2200000,0x00000000e2200000,0x00000000e2d80000)
 ParOldGen       total 77824K, used 14813K [0x0000000081400000, 0x0000000086000000, 0x00000000d5c00000)
  object space 77824K, 19% used [0x0000000081400000,0x0000000082277400,0x0000000086000000)
 Metaspace       used 48756K, capacity 50170K, committed 50432K, reserved 1093632K
  class space    used 6635K, capacity 6907K, committed 6912K, reserved 1048576K
Event: 8.139 GC heap after
Heap after GC invocations=11 (full 2):
 PSYoungGen      total 214528K, used 11746K [0x00000000d5c00000, 0x00000000e7c80000, 0x0000000100000000)
  eden space 202752K, 0% used [0x00000000d5c00000,0x00000000d5c00000,0x00000000e2200000)
  from space 11776K, 99% used [0x00000000e2200000,0x00000000e2d78b30,0x00000000e2d80000)
  to   space 15360K, 0% used [0x00000000e6d80000,0x00000000e6d80000,0x00000000e7c80000)
 ParOldGen       total 77824K, used 19719K [0x0000000081400000, 0x0000000086000000, 0x00000000d5c00000)
  object space 77824K, 25% used [0x0000000081400000,0x0000000082741e90,0x0000000086000000)
 Metaspace       used 48756K, capacity 50170K, committed 50432K, reserved 1093632K
  class space    used 6635K, capacity 6907K, committed 6912K, reserved 1048576K
}

